timestamp: 2024-03-17T23:05:00.979619
CREATE TABLE "auth_user"(
    "id" INTEGER PRIMARY KEY AUTOINCREMENT,
    "first_name" CHAR(128),
    "last_name" CHAR(128),
    "email" CHAR(512),
    "password" CHAR(512),
    "registration_key" CHAR(512),
    "reset_password_key" CHAR(512),
    "registration_id" CHAR(512)
);
success!
timestamp: 2024-03-17T23:05:01.013391
CREATE TABLE "auth_group"(
    "id" INTEGER PRIMARY KEY AUTOINCREMENT,
    "role" CHAR(512),
    "description" TEXT
);
success!
timestamp: 2024-03-17T23:05:01.051043
CREATE TABLE "auth_membership"(
    "id" INTEGER PRIMARY KEY AUTOINCREMENT,
    "user_id" INTEGER REFERENCES "auth_user" ("id") ON DELETE CASCADE ON UPDATE CASCADE  ,
    "group_id" INTEGER REFERENCES "auth_group" ("id") ON DELETE CASCADE ON UPDATE CASCADE  
);
success!
timestamp: 2024-03-17T23:05:01.065190
CREATE TABLE "auth_permission"(
    "id" INTEGER PRIMARY KEY AUTOINCREMENT,
    "group_id" INTEGER REFERENCES "auth_group" ("id") ON DELETE CASCADE ON UPDATE CASCADE  ,
    "name" CHAR(512),
    "table_name" CHAR(512),
    "record_id" INTEGER
);
success!
timestamp: 2024-03-17T23:05:01.077635
CREATE TABLE "auth_event"(
    "id" INTEGER PRIMARY KEY AUTOINCREMENT,
    "time_stamp" TIMESTAMP,
    "client_ip" CHAR(512),
    "user_id" INTEGER REFERENCES "auth_user" ("id") ON DELETE CASCADE ON UPDATE CASCADE  ,
    "origin" CHAR(512),
    "description" TEXT
);
success!
timestamp: 2024-03-17T23:05:01.089687
CREATE TABLE "auth_cas"(
    "id" INTEGER PRIMARY KEY AUTOINCREMENT,
    "user_id" INTEGER REFERENCES "auth_user" ("id") ON DELETE CASCADE ON UPDATE CASCADE  ,
    "created_on" TIMESTAMP,
    "service" CHAR(512),
    "ticket" CHAR(512),
    "renew" CHAR(1)
);
success!
timestamp: 2024-03-17T23:05:01.106173
CREATE TABLE "t_salones"(
    "id" INTEGER PRIMARY KEY AUTOINCREMENT,
    "f_nombre_salon" CHAR(512),
    "is_active" CHAR(1),
    "created_on" TIMESTAMP,
    "created_by" INTEGER REFERENCES "auth_user" ("id") ON DELETE CASCADE ON UPDATE CASCADE  ,
    "modified_on" TIMESTAMP,
    "modified_by" INTEGER REFERENCES "auth_user" ("id") ON DELETE CASCADE ON UPDATE CASCADE  
);
success!
timestamp: 2024-03-17T23:05:01.112751
CREATE TABLE "t_salones_archive"(
    "id" INTEGER PRIMARY KEY AUTOINCREMENT,
    "f_nombre_salon" CHAR(512),
    "is_active" CHAR(1),
    "created_on" TIMESTAMP,
    "created_by" INTEGER REFERENCES "auth_user" ("id") ON DELETE CASCADE ON UPDATE CASCADE  ,
    "modified_on" TIMESTAMP,
    "modified_by" INTEGER REFERENCES "auth_user" ("id") ON DELETE CASCADE ON UPDATE CASCADE  ,
    "current_record" INTEGER REFERENCES "t_salones" ("id") ON DELETE CASCADE ON UPDATE CASCADE  
);
success!
timestamp: 2024-03-17T23:05:01.132166
CREATE TABLE "t_estudiantes"(
    "id" INTEGER PRIMARY KEY AUTOINCREMENT,
    "f_name" CHAR(512),
    "f_birthday" DATE,
    "f_codigo" INTEGER REFERENCES "t_salones" ("id") ON DELETE CASCADE ON UPDATE CASCADE  ,
    "is_active" CHAR(1),
    "created_on" TIMESTAMP,
    "created_by" INTEGER REFERENCES "auth_user" ("id") ON DELETE CASCADE ON UPDATE CASCADE  ,
    "modified_on" TIMESTAMP,
    "modified_by" INTEGER REFERENCES "auth_user" ("id") ON DELETE CASCADE ON UPDATE CASCADE  
);
success!
timestamp: 2024-03-17T23:05:01.142289
CREATE TABLE "t_estudiantes_archive"(
    "id" INTEGER PRIMARY KEY AUTOINCREMENT,
    "f_name" CHAR(512),
    "f_birthday" DATE,
    "f_codigo" INTEGER REFERENCES "t_salones" ("id") ON DELETE CASCADE ON UPDATE CASCADE  ,
    "is_active" CHAR(1),
    "created_on" TIMESTAMP,
    "created_by" INTEGER REFERENCES "auth_user" ("id") ON DELETE CASCADE ON UPDATE CASCADE  ,
    "modified_on" TIMESTAMP,
    "modified_by" INTEGER REFERENCES "auth_user" ("id") ON DELETE CASCADE ON UPDATE CASCADE  ,
    "current_record" INTEGER REFERENCES "t_estudiantes" ("id") ON DELETE CASCADE ON UPDATE CASCADE  
);
success!
timestamp: 2024-03-17T23:05:01.206653
CREATE TABLE "t_materias"(
    "id" INTEGER PRIMARY KEY AUTOINCREMENT,
    "f_nombre_materia" CHAR(512),
    "f_codigo" INTEGER REFERENCES "t_salones" ("id") ON DELETE CASCADE ON UPDATE CASCADE  ,
    "is_active" CHAR(1),
    "created_on" TIMESTAMP,
    "created_by" INTEGER REFERENCES "auth_user" ("id") ON DELETE CASCADE ON UPDATE CASCADE  ,
    "modified_on" TIMESTAMP,
    "modified_by" INTEGER REFERENCES "auth_user" ("id") ON DELETE CASCADE ON UPDATE CASCADE  
);
success!
timestamp: 2024-03-17T23:05:01.215220
CREATE TABLE "t_materias_archive"(
    "id" INTEGER PRIMARY KEY AUTOINCREMENT,
    "f_nombre_materia" CHAR(512),
    "f_codigo" INTEGER REFERENCES "t_salones" ("id") ON DELETE CASCADE ON UPDATE CASCADE  ,
    "is_active" CHAR(1),
    "created_on" TIMESTAMP,
    "created_by" INTEGER REFERENCES "auth_user" ("id") ON DELETE CASCADE ON UPDATE CASCADE  ,
    "modified_on" TIMESTAMP,
    "modified_by" INTEGER REFERENCES "auth_user" ("id") ON DELETE CASCADE ON UPDATE CASCADE  ,
    "current_record" INTEGER REFERENCES "t_materias" ("id") ON DELETE CASCADE ON UPDATE CASCADE  
);
success!
timestamp: 2024-03-17T23:05:01.240714
CREATE TABLE "t_notas"(
    "id" INTEGER PRIMARY KEY AUTOINCREMENT,
    "f_calificacion" DOUBLE,
    "f_codigo" INTEGER REFERENCES "t_estudiantes" ("id") ON DELETE CASCADE ON UPDATE CASCADE  ,
    "is_active" CHAR(1),
    "created_on" TIMESTAMP,
    "created_by" INTEGER REFERENCES "auth_user" ("id") ON DELETE CASCADE ON UPDATE CASCADE  ,
    "modified_on" TIMESTAMP,
    "modified_by" INTEGER REFERENCES "auth_user" ("id") ON DELETE CASCADE ON UPDATE CASCADE  
);
success!
timestamp: 2024-03-17T23:05:01.254927
CREATE TABLE "t_notas_archive"(
    "id" INTEGER PRIMARY KEY AUTOINCREMENT,
    "f_calificacion" DOUBLE,
    "f_codigo" INTEGER REFERENCES "t_estudiantes" ("id") ON DELETE CASCADE ON UPDATE CASCADE  ,
    "is_active" CHAR(1),
    "created_on" TIMESTAMP,
    "created_by" INTEGER REFERENCES "auth_user" ("id") ON DELETE CASCADE ON UPDATE CASCADE  ,
    "modified_on" TIMESTAMP,
    "modified_by" INTEGER REFERENCES "auth_user" ("id") ON DELETE CASCADE ON UPDATE CASCADE  ,
    "current_record" INTEGER REFERENCES "t_notas" ("id") ON DELETE CASCADE ON UPDATE CASCADE  
);
success!
timestamp: 2024-03-17T23:47:11.552629
CREATE TABLE "t_materias_archive_archive"(
    "current_record" INTEGER REFERENCES "t_materias_archive" ("id") ON DELETE CASCADE ON UPDATE CASCADE  ,
    "id" INTEGER PRIMARY KEY AUTOINCREMENT,
    "f_nombre_materia" CHAR(512),
    "f_codigo" INTEGER REFERENCES "t_salones" ("id") ON DELETE CASCADE ON UPDATE CASCADE  ,
    "is_active" CHAR(1),
    "created_on" TIMESTAMP,
    "created_by" INTEGER REFERENCES "auth_user" ("id") ON DELETE CASCADE ON UPDATE CASCADE  ,
    "modified_on" TIMESTAMP,
    "modified_by" INTEGER REFERENCES "auth_user" ("id") ON DELETE CASCADE ON UPDATE CASCADE  
);
success!
